// 重构日志: c3457475
// 重构日志: a4d139d3
// 同步 ID: 4433c4fd @ Sat Jun 27 09:07:02 UTC 2026
// 重构日志: bf5242a6
// 重构日志: 234fdf4e
// 同步 ID: 161c79bd @ Sat Jul  4 08:10:34 UTC 2026
// 同步 ID: 097f6a34 @ Sun Jul  5 09:01:10 UTC 2026
// 同步 ID: d8f893a7 @ Wed Jul  8 09:34:00 UTC 2026
// 重构日志: 7adbf0f7
// 重构日志: 7804f070
// 同步 ID: f17e6970 @ Sat Jul 11 07:08:04 UTC 2026
// 重构日志: 3a18ce7e
// 重构日志: aa39db65
// 同步 ID: e0a9b938 @ Sat Jul 11 18:15:09 UTC 2026
// 重构日志: 9dc9a61c
// 同步 ID: e51ddac1 @ Sun Jul 12 15:48:51 UTC 2026
// 重构日志: 7a1975d8
// 重构日志: 2b2f3193
// 重构日志: e21e5d25
// 重构日志: 7c340d4f
// 重构日志: a6f21b1b
// 重构日志: e6c7c330
